<?xml version="1.0" encoding="UTF-8"?>
<testng-results ignored="0" total="1" passed="0" failed="1" skipped="0">
  <reporter-output>
  </reporter-output>
  <suite started-at="2022-11-15T16:15:49 IST" name="Default suite" finished-at="2022-11-15T16:16:29 IST" duration-ms="40159">
    <groups>
    </groups>
    <test started-at="2022-11-15T16:15:49 IST" name="Default test" finished-at="2022-11-15T16:16:29 IST" duration-ms="40159">
      <class name="test.SwagLabHomePage2">
        <test-method is-config="true" signature="configureReport()[pri:0, instance:test.SwagLabHomePage2@26e356f0]" started-at="2022-11-15T16:15:49 IST" name="configureReport" finished-at="2022-11-15T16:15:50 IST" duration-ms="784" status="PASS">
          <reporter-output>
          </reporter-output>
        </test-method> <!-- configureReport -->
        <test-method is-config="true" signature="launchBrowser()[pri:0, instance:test.SwagLabHomePage2@26e356f0]" started-at="2022-11-15T16:15:50 IST" name="launchBrowser" finished-at="2022-11-15T16:16:27 IST" duration-ms="37432" status="PASS">
          <reporter-output>
          </reporter-output>
        </test-method> <!-- launchBrowser -->
        <test-method signature="verifyAddCartFunctinality()[pri:0, instance:test.SwagLabHomePage2@26e356f0]" started-at="2022-11-15T16:16:27 IST" name="verifyAddCartFunctinality" finished-at="2022-11-15T16:16:28 IST" duration-ms="671" status="FAIL">
          <exception class="java.lang.IndexOutOfBoundsException">
            <message>
              <![CDATA[Index 3 out of bounds for length 3]]>
            </message>
            <full-stacktrace>
              <![CDATA[java.lang.IndexOutOfBoundsException: Index 3 out of bounds for length 3
at java.base/jdk.internal.util.Preconditions.outOfBounds(Preconditions.java:64)
at java.base/jdk.internal.util.Preconditions.outOfBoundsCheckIndex(Preconditions.java:70)
at java.base/jdk.internal.util.Preconditions.checkIndex(Preconditions.java:266)
at java.base/java.util.Objects.checkIndex(Objects.java:359)
at java.base/java.util.ArrayList.get(ArrayList.java:427)
at java.base/jdk.internal.reflect.NativeMethodAccessorImpl.invoke0(Native Method)
at java.base/jdk.internal.reflect.NativeMethodAccessorImpl.invoke(NativeMethodAccessorImpl.java:77)
at java.base/jdk.internal.reflect.DelegatingMethodAccessorImpl.invoke(DelegatingMethodAccessorImpl.java:43)
at java.base/java.lang.reflect.Method.invoke(Method.java:568)
at org.openqa.selenium.support.pagefactory.internal.LocatingElementListHandler.invoke(LocatingElementListHandler.java:40)
at jdk.proxy2/jdk.proxy2.$Proxy21.get(Unknown Source)
at pom.SwagLabLandingPage.addProductToCart(SwagLabLandingPage.java:33)
at test.SwagLabHomePage2.verifyAddCartFunctinality(SwagLabHomePage2.java:45)
at java.base/jdk.internal.reflect.NativeMethodAccessorImpl.invoke0(Native Method)
at java.base/jdk.internal.reflect.NativeMethodAccessorImpl.invoke(NativeMethodAccessorImpl.java:77)
at java.base/jdk.internal.reflect.DelegatingMethodAccessorImpl.invoke(DelegatingMethodAccessorImpl.java:43)
at java.base/java.lang.reflect.Method.invoke(Method.java:568)
at org.testng.internal.MethodInvocationHelper.invokeMethod(MethodInvocationHelper.java:133)
at org.testng.internal.TestInvoker.invokeMethod(TestInvoker.java:598)
at org.testng.internal.TestInvoker.invokeTestMethod(TestInvoker.java:173)
at org.testng.internal.MethodRunner.runInSequence(MethodRunner.java:46)
at org.testng.internal.TestInvoker$MethodInvocationAgent.invoke(TestInvoker.java:824)
at org.testng.internal.TestInvoker.invokeTestMethods(TestInvoker.java:146)
at org.testng.internal.TestMethodWorker.invokeTestMethods(TestMethodWorker.java:146)
at org.testng.internal.TestMethodWorker.run(TestMethodWorker.java:128)
at java.base/java.util.ArrayList.forEach(ArrayList.java:1511)
at org.testng.TestRunner.privateRun(TestRunner.java:794)
at org.testng.TestRunner.run(TestRunner.java:596)
at org.testng.SuiteRunner.runTest(SuiteRunner.java:377)
at org.testng.SuiteRunner.runSequentially(SuiteRunner.java:371)
at org.testng.SuiteRunner.privateRun(SuiteRunner.java:332)
at org.testng.SuiteRunner.run(SuiteRunner.java:276)
at org.testng.SuiteRunnerWorker.runSuite(SuiteRunnerWorker.java:53)
at org.testng.SuiteRunnerWorker.run(SuiteRunnerWorker.java:96)
at org.testng.TestNG.runSuitesSequentially(TestNG.java:1212)
at org.testng.TestNG.runSuitesLocally(TestNG.java:1134)
at org.testng.TestNG.runSuites(TestNG.java:1063)
at org.testng.TestNG.run(TestNG.java:1031)
at org.testng.remote.AbstractRemoteTestNG.run(AbstractRemoteTestNG.java:115)
at org.testng.remote.RemoteTestNG.initAndRun(RemoteTestNG.java:251)
at org.testng.remote.RemoteTestNG.main(RemoteTestNG.java:77)
]]>
            </full-stacktrace>
          </exception> <!-- java.lang.IndexOutOfBoundsException -->
          <reporter-output>
          </reporter-output>
        </test-method> <!-- verifyAddCartFunctinality -->
        <test-method is-config="true" signature="logReport(org.testng.ITestResult)[pri:0, instance:test.SwagLabHomePage2@26e356f0]" started-at="2022-11-15T16:16:28 IST" name="logReport" finished-at="2022-11-15T16:16:28 IST" duration-ms="23" status="PASS">
          <params>
            <param index="0">
              <value>
                <![CDATA[[TestResult name=verifyAddCartFunctinality status=FAILURE method=SwagLabHomePage2.verifyAddCartFunctinality()[pri:0, instance:test.SwagLabHomePage2@26e356f0] output={null}]]]>
              </value>
            </param>
          </params>
          <reporter-output>
          </reporter-output>
        </test-method> <!-- logReport -->
        <test-method is-config="true" signature="clearReport()[pri:0, instance:test.SwagLabHomePage2@26e356f0]" started-at="2022-11-15T16:16:28 IST" name="clearReport" finished-at="2022-11-15T16:16:29 IST" duration-ms="897" status="PASS">
          <reporter-output>
          </reporter-output>
        </test-method> <!-- clearReport -->
      </class> <!-- test.SwagLabHomePage2 -->
    </test> <!-- Default test -->
  </suite> <!-- Default suite -->
</testng-results>
